{
  "RSpec": {
    "coverage": {
      "/Users/meganoneill/Sites/ruby_sites/ldpd-hours/app/models/user.rb": [
        1,
        1,
        1,
        1,
        null,
        1,
        135,
        null,
        null,
        1,
        null,
        null,
        null,
        1,
        0,
        null,
        null,
        1,
        14,
        null,
        null,
        1,
        null,
        1,
        35,
        35,
        null,
        0,
        null,
        null,
        null,
        null
      ],
      "/Users/meganoneill/Sites/ruby_sites/ldpd-hours/app/models/application_record.rb": [
        1,
        1,
        null
      ],
      "/Users/meganoneill/Sites/ruby_sites/ldpd-hours/app/helpers/application_helper.rb": [
        1,
        null
      ],
      "/Users/meganoneill/Sites/ruby_sites/ldpd-hours/app/helpers/calendar_helper.rb": [
        1,
        1,
        10,
        null,
        null
      ],
      "/Users/meganoneill/Sites/ruby_sites/ldpd-hours/app/controllers/timetables_controller.rb": [
        1,
        1,
        null,
        1,
        9,
        9,
        9,
        null,
        null,
        1,
        5,
        5,
        null,
        5,
        4,
        4,
        null,
        4,
        4,
        null,
        1,
        null,
        null,
        1,
        null,
        1,
        17,
        null,
        null,
        1,
        11,
        null,
        null,
        1,
        7,
        2,
        5,
        2,
        null,
        3,
        null,
        null,
        null,
        1,
        4,
        2,
        null,
        null,
        null,
        null
      ],
      "/Users/meganoneill/Sites/ruby_sites/ldpd-hours/app/controllers/application_controller.rb": [
        1,
        1,
        1,
        null
      ],
      "/Users/meganoneill/Sites/ruby_sites/ldpd-hours/app/controllers/users/omniauth_callbacks_controller.rb": [
        1,
        1,
        null
      ],
      "/Users/meganoneill/Sites/ruby_sites/ldpd-hours/app/controllers/users/sessions_controller.rb": [
        1,
        1,
        0,
        null,
        null,
        1,
        null,
        null,
        null,
        null,
        1,
        15,
        null,
        null
      ],
      "/Users/meganoneill/Sites/ruby_sites/ldpd-hours/app/models/library.rb": [
        1,
        1,
        1,
        null
      ],
      "/Users/meganoneill/Sites/ruby_sites/ldpd-hours/app/controllers/libraries_controller.rb": [
        1,
        null,
        1,
        17,
        null,
        null,
        1,
        1,
        null,
        null,
        1,
        1,
        1,
        1,
        1,
        null,
        0,
        null,
        null,
        null,
        1,
        1,
        1,
        null,
        null,
        1,
        null,
        1,
        1,
        null,
        null,
        null
      ],
      "/Users/meganoneill/Sites/ruby_sites/ldpd-hours/app/controllers/admin/users_controller.rb": [
        1,
        1,
        null,
        1,
        1,
        null,
        null,
        1,
        1,
        null,
        null,
        1,
        1,
        1,
        1,
        1,
        1,
        null,
        0,
        0,
        null,
        null,
        null,
        1,
        3,
        null,
        null,
        1,
        0,
        0,
        0,
        0,
        0,
        0,
        null,
        0,
        null,
        null,
        null,
        1,
        1,
        1,
        1,
        1,
        1,
        1,
        null,
        1,
        null,
        null,
        0,
        0,
        0,
        0,
        0,
        null,
        0,
        null,
        null,
        null,
        null,
        1,
        null,
        1,
        3,
        null,
        null
      ],
      "/Users/meganoneill/Sites/ruby_sites/ldpd-hours/app/models/ability.rb": [
        1,
        1,
        null,
        1,
        null,
        null,
        null,
        null,
        null,
        null,
        null,
        null,
        null,
        null,
        null,
        null,
        null,
        null,
        null,
        null,
        null,
        null,
        null,
        null,
        null,
        null,
        null,
        null,
        null,
        null,
        21,
        21,
        21,
        0,
        0,
        null,
        null,
        null
      ],
      "/Users/meganoneill/Sites/ruby_sites/ldpd-hours/lib/calendar_builder.rb": [
        1,
        1,
        1,
        null,
        1,
        null,
        1,
        10,
        10,
        null,
        null,
        null,
        1,
        10,
        80,
        null,
        null,
        null,
        1,
        null,
        50,
        400,
        null,
        10,
        null,
        null,
        1,
        385,
        350,
        350,
        350,
        null,
        null,
        1,
        350,
        350,
        350,
        350,
        null,
        null,
        1,
        10,
        10,
        10,
        10,
        null,
        null,
        1,
        null,
        1,
        10,
        10,
        null,
        null,
        1,
        1,
        1,
        1,
        0,
        0,
        null,
        0,
        null,
        1,
        null,
        null
      ],
      "/Users/meganoneill/Sites/ruby_sites/ldpd-hours/app/models/timetable.rb": [
        1,
        1,
        null,
        1,
        7,
        15,
        15,
        7,
        7,
        7,
        7,
        null,
        null,
        null
      ],
      "/Users/meganoneill/Sites/ruby_sites/ldpd-hours/app/channels/application_cable/channel.rb": [
        0,
        0,
        0,
        0
      ],
      "/Users/meganoneill/Sites/ruby_sites/ldpd-hours/app/channels/application_cable/connection.rb": [
        0,
        0,
        0,
        0
      ],
      "/Users/meganoneill/Sites/ruby_sites/ldpd-hours/app/controllers/admins_controller.rb": [
        0,
        0,
        0,
        0,
        0,
        0,
        0,
        0
      ],
      "/Users/meganoneill/Sites/ruby_sites/ldpd-hours/app/jobs/application_job.rb": [
        0,
        0
      ],
      "/Users/meganoneill/Sites/ruby_sites/ldpd-hours/app/mailers/application_mailer.rb": [
        0,
        0,
        0,
        0
      ]
    },
    "timestamp": 1498579973
  }
}
